<?xml version="1.0" encoding="UTF-8" ?>
<testsuites errors="6"
            failures="9"
            tests="9">

  <testsuite name="App.test"
    errors="6" failures="9" hostname="" id="" package="App.test" skipped="0"
    tests="9" time="158.5" timestamp="">
  
    <testcase name="Testing Signin Page for Applicant" classname="App.test" time="26.66" assertions="2">

      <failure message="Testing if element &lt;#errorMessage&gt; contains text &#39;Please fill all the input fields&#39; in 5000ms - expected &#34;contains text &#39;Please fill all the input fields&#39;&#34; but got: &#34;element could not be located&#34; (5173ms)">    at Testing Signin Page for Applicant (/projects/challenge/test/App.test.js:10:13)</failure>

    
    <error message="Testing if element [0;33m&lt;#errorMessage&gt;[0m contains text [0;33m&#39;Please fill all the input fields&#39;[0m in 5000ms - expected [0;32m&#34;contains text &#39;Please fill all the input fields&#39;&#34;[0m but got: [0;31m&#34;element could not be located&#34;[0m [0;90m(5173ms)[0m" type="error"><![CDATA[
    Error
    at Proxy.&lt;anonymous&gt; (/projects/challenge/node_modules/nightwatch/lib/api/index.js:157:30)
    at Testing Signin Page for Applicant (/projects/challenge/test/App.test.js:10:13)
    at Context.call (/projects/challenge/node_modules/nightwatch/lib/testsuite/context.js:505:35)
    at TestCase.run (/projects/challenge/node_modules/nightwatch/lib/testsuite/testcase.js:58:31)
    at Runnable.__runFn (/projects/challenge/node_modules/nightwatch/lib/testsuite/index.js:813:80)
    at Runnable.run (/projects/challenge/node_modules/nightwatch/lib/testsuite/runnable.js:126:21)
    at TestSuite.executeRunnable (/projects/challenge/node_modules/nightwatch/lib/testsuite/index.js:974:49)
    at TestSuite.handleRunnable (/projects/challenge/node_modules/nightwatch/lib/testsuite/index.js:989:33)
    at /projects/challenge/node_modules/nightwatch/lib/testsuite/index.js:813:21
    at process.processTicksAndRejections (node:internal/process/task_queues:95:5)
    ]]></error>
    
    </testcase>
  
    <testcase name="Testing Login Page for Applicant" classname="App.test" time="5.760" assertions="2">

      <failure message="Testing if element &lt;nav &gt; h3&gt; contains text &#39;Student Admission Portal&#39; in 5000ms - expected &#34;contains text &#39;Student Admission Portal&#39;&#34; but got: &#34;element could not be located&#34; (5159ms)">    at Testing Login Page for Applicant (/projects/challenge/test/App.test.js:28:15)</failure>

    
    </testcase>
  
    <testcase name="Testing Navbar in applicant page" classname="App.test" time="5.209" assertions="1">  <failure message="Testing if element &lt;nav &gt; ul &gt; li:nth-of-type(1) &gt; a&gt; contains text &#39;Apply Course&#39; in 5000ms - expected &#34;contains text &#39;Apply Course&#39;&#34; but got: &#34;element could not be located&#34; (5152ms)">    at Testing Navbar in applicant page (/projects/challenge/test/App.test.js:49:15)</failure>

    
    </testcase>
  
    <testcase name="Testing Apply page of applicants" classname="App.test" time="5.192" assertions="1">  <failure message="Testing if element &lt;tbody &gt; tr:nth-of-type(1) &gt; td:nth-of-type(1)&gt; contains text &#39;1&#39; in 5000ms - expected &#34;contains text &#39;1&#39;&#34; but got: &#34;element could not be located&#34; (5136ms)">    at Testing Apply page of applicants (/projects/challenge/test/App.test.js:67:26)</failure>

    
    </testcase>
  
    <testcase name="Testing Status page of applicants" classname="App.test" time="10.29" assertions="1">  <failure message="Testing if the URL is &#39;http://localhost:8000/status&#39; in 5000ms - expected &#34;is &#39;http://localhost:8000/status&#39;&#34; but got: &#34;http://localhost:8000/&#34; (5098ms)">    at Testing Status page of applicants (/projects/challenge/test/App.test.js:83:15)</failure>

    
    <error message="Testing if the URL is [0;33m&#39;http://localhost:8000/status&#39;[0m in 5000ms - expected [0;32m&#34;is &#39;http://localhost:8000/status&#39;&#34;[0m but got: [0;31m&#34;http://localhost:8000/&#34;[0m [0;90m(5098ms)[0m" type="error"><![CDATA[
    Error
    at Proxy.&lt;anonymous&gt; (/projects/challenge/node_modules/nightwatch/lib/api/index.js:157:30)
    at Testing Status page of applicants (/projects/challenge/test/App.test.js:83:15)
    at Context.call (/projects/challenge/node_modules/nightwatch/lib/testsuite/context.js:505:35)
    at TestCase.run (/projects/challenge/node_modules/nightwatch/lib/testsuite/testcase.js:58:31)
    at Runnable.__runFn (/projects/challenge/node_modules/nightwatch/lib/testsuite/index.js:813:80)
    at Runnable.run (/projects/challenge/node_modules/nightwatch/lib/testsuite/runnable.js:126:21)
    at TestSuite.executeRunnable (/projects/challenge/node_modules/nightwatch/lib/testsuite/index.js:974:49)
    at TestSuite.handleRunnable (/projects/challenge/node_modules/nightwatch/lib/testsuite/index.js:989:33)
    at /projects/challenge/node_modules/nightwatch/lib/testsuite/index.js:813:21
    at async DefaultRunner.runTestSuite (/projects/challenge/node_modules/nightwatch/lib/runner/test-runners/default.js:78:7)
    ]]></error>
    
    </testcase>
  
    <testcase name="Testing Login Page for Admin" classname="App.test" time="5.469" assertions="1">  <failure message="Timed out while waiting for element &lt;#userType&gt; to be present for 5000 milliseconds. - expected &#34;visible&#34; but got: &#34;not found&#34; (5229ms)">    at Testing Login Page for Admin (/projects/challenge/test/App.test.js:100:8)</failure>

    
    </testcase>
  
    <testcase name="Testing Navbar in admin page" classname="App.test" time="5.201" assertions="1">  <failure message="Testing if element &lt;nav &gt; ul &gt; li:nth-of-type(1) &gt; a&gt; contains text &#39;Applications&#39; in 5000ms - expected &#34;contains text &#39;Applications&#39;&#34; but got: &#34;element could not be located&#34; (5145ms)">    at Testing Navbar in admin page (/projects/challenge/test/App.test.js:117:15)</failure>

    
    </testcase>
  
    <testcase name="Testing Applications page of admin" classname="App.test" time="5.189" assertions="1">  <failure message="Testing if element &lt;#newApplicationsTable &gt; tbody &gt; tr:nth-of-type(1) &gt; td:nth-of-type(2)&gt; contains text &#39;1&#39; in 5000ms - expected &#34;contains text &#39;1&#39;&#34; but got: &#34;element could not be located&#34; (5133ms)">    at Testing Applications page of admin (/projects/challenge/test/App.test.js:133:26)</failure>

    
    </testcase>
  
    <testcase name="Testing AddSeats page of admin" classname="App.test" time="10.29" assertions="1">  <failure message="Testing if the URL is &#39;http://localhost:8000/addseats&#39; in 5000ms - expected &#34;is &#39;http://localhost:8000/addseats&#39;&#34; but got: &#34;http://localhost:8000/&#34; (5100ms)">    at Testing AddSeats page of admin (/projects/challenge/test/App.test.js:157:15)</failure>

    
    <error message="Testing if the URL is [0;33m&#39;http://localhost:8000/addseats&#39;[0m in 5000ms - expected [0;32m&#34;is &#39;http://localhost:8000/addseats&#39;&#34;[0m but got: [0;31m&#34;http://localhost:8000/&#34;[0m [0;90m(5100ms)[0m" type="error"><![CDATA[
    Error
    at Proxy.&lt;anonymous&gt; (/projects/challenge/node_modules/nightwatch/lib/api/index.js:157:30)
    at Testing AddSeats page of admin (/projects/challenge/test/App.test.js:157:15)
    at Context.call (/projects/challenge/node_modules/nightwatch/lib/testsuite/context.js:505:35)
    at TestCase.run (/projects/challenge/node_modules/nightwatch/lib/testsuite/testcase.js:58:31)
    at Runnable.__runFn (/projects/challenge/node_modules/nightwatch/lib/testsuite/index.js:813:80)
    at Runnable.run (/projects/challenge/node_modules/nightwatch/lib/testsuite/runnable.js:126:21)
    at TestSuite.executeRunnable (/projects/challenge/node_modules/nightwatch/lib/testsuite/index.js:974:49)
    at TestSuite.handleRunnable (/projects/challenge/node_modules/nightwatch/lib/testsuite/index.js:989:33)
    at /projects/challenge/node_modules/nightwatch/lib/testsuite/index.js:813:21
    at async DefaultRunner.runTestSuite (/projects/challenge/node_modules/nightwatch/lib/runner/test-runners/default.js:78:7)
    ]]></error>
    
    </testcase>
  

  
    <system-err>
       NoSuchElementError
   An element could not be located on the page using the given search parameters.

    Try fixing by :
    1. Please inspect the html before the step
    2. Verify if an element with the mentioned selector is present in the DOM tree

    Error location:
    /projects/challenge/test/App.test.js:
    ––––––––––––––––––––––––––––––––––––––
     4 |     browser.url(browser.launch_url)
     5 |     .waitForElementVisible(&#39;body&#39;)
     6 |     .click(&#34;#signupLink&#34;) 
     7 |     .setValue(&#34;#email&#34;,&#34;john@gmail.com&#34;)
     8 |     .setValue(&#34;#password&#34;,&#34;John@123&#34;)
    ––––––––––––––––––––––––––––––––––––––

 NoSuchElementError
   An element could not be located on the page using the given search parameters.

    Try fixing by :
    1. Please inspect the html before the step
    2. Verify if an element with the mentioned selector is present in the DOM tree

    Error location:
    /projects/challenge/test/App.test.js:
    ––––––––––––––––––––––––––––––––––––––
     5 |     .waitForElementVisible(&#39;body&#39;)
     6 |     .click(&#34;#signupLink&#34;)
     7 |     .setValue(&#34;#email&#34;,&#34;john@gmail.com&#34;) 
     8 |     .setValue(&#34;#password&#34;,&#34;John@123&#34;)
     9 |     .click(&#34;#submitButton&#34;)
    ––––––––––––––––––––––––––––––––––––––

 NoSuchElementError
   An element could not be located on the page using the given search parameters.

    Try fixing by :
    1. Please inspect the html before the step
    2. Verify if an element with the mentioned selector is present in the DOM tree

    Error location:
    /projects/challenge/test/App.test.js:
    ––––––––––––––––––––––––––––––––––––––
     6 |     .click(&#34;#signupLink&#34;)
     7 |     .setValue(&#34;#email&#34;,&#34;john@gmail.com&#34;)
     8 |     .setValue(&#34;#password&#34;,&#34;John@123&#34;) 
     9 |     .click(&#34;#submitButton&#34;)
     10 |     .assert.textContains(&#34;#errorMessage&#34;,&#34;Please fill all the input fields&#34;)
    ––––––––––––––––––––––––––––––––––––––

 NoSuchElementError
   An element could not be located on the page using the given search parameters.

    Try fixing by :
    1. Please inspect the html before the step
    2. Verify if an element with the mentioned selector is present in the DOM tree

    Error location:
    /projects/challenge/test/App.test.js:
    ––––––––––––––––––––––––––––––––––––––
     7 |     .setValue(&#34;#email&#34;,&#34;john@gmail.com&#34;)
     8 |     .setValue(&#34;#password&#34;,&#34;John@123&#34;)
     9 |     .click(&#34;#submitButton&#34;) 
     10 |     .assert.textContains(&#34;#errorMessage&#34;,&#34;Please fill all the input fields&#34;)
     11 |     .setValue(&#34;#confirmpassword&#34;,&#34;Jonn@123&#34;)
    ––––––––––––––––––––––––––––––––––––––

 NoSuchElementError
   An element could not be located on the page using the given search parameters.

    Try fixing by :
    1. Please inspect the html before the step
    2. Verify if an element with the mentioned selector is present in the DOM tree

    Error location:
    /projects/challenge/test/App.test.js:
    ––––––––––––––––––––––––––––––––––––––
     80 | 
     81 |     &#34;Testing Status page of applicants&#34;: function (browser) {
     82 |       browser.click(&#34;nav &gt; ul &gt; li:nth-of-type(2) &gt; a&#34;) 
     83 |       .assert.urlEquals(&#39;http://localhost:8000/status&#39;)
     84 |       const courseDetails=[
    ––––––––––––––––––––––––––––––––––––––

 NoSuchElementError
   An element could not be located on the page using the given search parameters.

    Try fixing by :
    1. Please inspect the html before the step
    2. Verify if an element with the mentioned selector is present in the DOM tree

    Error location:
    /projects/challenge/test/App.test.js:
    ––––––––––––––––––––––––––––––––––––––
     154 | 
     155 |     &#34;Testing AddSeats page of admin&#34;: function (browser) {
     156 |       browser.click(&#34;nav &gt; ul &gt; li:nth-of-type(2) &gt; a&#34;) 
     157 |       .assert.urlEquals(&#39;http://localhost:8000/addseats&#39;)
     158 |       .waitForElementVisible(&#34;#courseSelect&#34;)
    ––––––––––––––––––––––––––––––––––––––

    </system-err>
  

    

  
  </testsuite>
</testsuites>
